#
# A fatal error has been detected by the Java Runtime Environment:
#
#  SIGSEGV (0xb) at pc=0x000000010805a254, pid=74951, tid=0x0000000000000e03
#
# JRE version: Java(TM) SE Runtime Environment (8.0_221-b11) (build 1.8.0_221-b11)
# Java VM: Java HotSpot(TM) 64-Bit Server VM (25.221-b11 mixed mode bsd-amd64 compressed oops)
# Problematic frame:
# V  [libjvm.dylib+0x45a254]
#
# Failed to write core dump. Core dumps have been disabled. To enable core dumping, try "ulimit -c unlimited" before starting Java again
#
# If you would like to submit a bug report, please visit:
#   http://bugreport.java.com/bugreport/crash.jsp
#

---------------  T H R E A D  ---------------

Current thread (0x00007fe3f480e000):  JavaThread "main" [_thread_in_Java, id=3587, stack(0x00007000084ae000,0x00007000085ae000)]

siginfo: si_signo: 11 (SIGSEGV), si_code: 0 (unknown), si_addr: 0x0000000000000000

Registers:
RAX=0x00000000000003d8, RBX=0x0000000000000003, RCX=0x00007fe3f2f08aa8, RDX=0x00007000085ad9b0
RSP=0x00007000085ad920, RBP=0x00007000085ad920, RSI=0x0000000000000003, RDI=0x1900000000000000
R8 =0x0000000000001bf7, R9 =0x0000000000000007, R10=0x0000000000000000, R11=0x0000000000000000
R12=0x0000000000000000, R13=0x000000010de74173, R14=0x1900000000000000, R15=0x00007fe3f480e000
RIP=0x000000010805a254, EFLAGS=0x0000000000010206, ERR=0x0000000000000000
  TRAPNO=0x000000000000000d

Top of Stack: (sp=0x00007000085ad920)
0x00007000085ad920:   00007000085ad970 00000001080588d4
0x00007000085ad930:   00007fe3f2f08580 00007fe3f2f086c0
0x00007000085ad940:   00007fe3f2f086d0 00007fe3f2f08aa8
0x00007000085ad950:   00000000000003d8 1900000000000000
0x00007000085ad960:   00007000085ada08 00007fe3f480e000
0x00007000085ad970:   00007000085ad990 0000000107eea3bd
0x00007000085ad980:   0000000000000000 000000010de74190
0x00007000085ad990:   00007000085ad9f8 0000000113f074e7
0x00007000085ad9a0:   00007000085ad9b0 0000000000000001
0x00007000085ad9b0:   0000000795b46830 00007000085ad9b8
0x00007000085ad9c0:   000000010de74173 00007000085ada08
0x00007000085ad9d0:   000000010de74200 0000000000000000
0x00007000085ad9e0:   000000010de74190 0000000000000000
0x00007000085ad9f0:   00007000085ada08 00007000085ada70
0x00007000085ada00:   0000000113eef7a7 0000000795b46820
0x00007000085ada10:   0000000100001fa0 000000000000000a
0x00007000085ada20:   00007fe3f480e000 0000000000000001
0x00007000085ada30:   0000000113eef71f 000000010de74190
0x00007000085ada40:   00007000085adb08 00007000085ade90
0x00007000085ada50:   000000010000000a 000000010de74190
0x00007000085ada60:   0000000113f084c0 00007000085adc48
0x00007000085ada70:   00007000085adc20 0000000107ef0d1e
0x00007000085ada80:   ef74259200000001 00007fe3f480e000
0x00007000085ada90:   cafebabecafebabe 00007000085ade90
0x00007000085adaa0:   0000000000000000 0000000113f084c0
0x00007000085adab0:   0000000000000000 00007000085adc40
0x00007000085adac0:   00007000085ade88 00007fe3f480e000
0x00007000085adad0:   00007fe3f480e000 00007fe3f2f085b0
0x00007000085adae0:   00007fe3f2f08390 00007fe3f2f083a0
0x00007000085adaf0:   00007fe3f2f08478 00000000000000d8
0x00007000085adb00:   00007fe3f2f085f0 00007fe3f480e000
0x00007000085adb10:   00007fe3f2f09540 000000010de74190 

Instructions: (pc=0x000000010805a254)
0x000000010805a234:   83 c1 07 48 c1 e9 03 8d 8c 01 ff ff ff 1f f7 d8
0x000000010805a244:   21 c8 c1 e0 03 5d c3 31 c0 5d c3 90 55 48 89 e5
0x000000010805a254:   8b 87 f8 00 00 00 85 c0 74 20 48 63 4f 14 0f b7
0x000000010805a264:   94 39 02 01 00 00 48 81 c7 00 01 00 00 39 f2 7f 

Register to memory mapping:

RAX=0x00000000000003d8 is an unknown value
RBX=0x0000000000000003 is an unknown value
RCX=0x00007fe3f2f08aa8 is an unknown value
RDX=0x00007000085ad9b0 is pointing into the stack for thread: 0x00007fe3f480e000
RSP=0x00007000085ad920 is pointing into the stack for thread: 0x00007fe3f480e000
RBP=0x00007000085ad920 is pointing into the stack for thread: 0x00007fe3f480e000
RSI=0x0000000000000003 is an unknown value
RDI=0x1900000000000000 is an unknown value
R8 =0x0000000000001bf7 is an unknown value
R9 =0x0000000000000007 is an unknown value
R10=0x0000000000000000 is an unknown value
R11=0x0000000000000000 is an unknown value
R12=0x0000000000000000 is an unknown value
R13=0x000000010de74173 is pointing into metadata
R14=0x1900000000000000 is an unknown value
R15=0x00007fe3f480e000 is a thread


Stack: [0x00007000084ae000,0x00007000085ae000],  sp=0x00007000085ad920,  free space=1022k
Native frames: (J=compiled Java code, j=interpreted, Vv=VM code, C=native code)
V  [libjvm.dylib+0x45a254]
V  [libjvm.dylib+0x4588d4]
V  [libjvm.dylib+0x2ea3bd]
j  w3resource.BasicExercises.main([Ljava/lang/String;)V+3
v  ~StubRoutines::call_stub
V  [libjvm.dylib+0x2f0d1e]
V  [libjvm.dylib+0x327cc5]
V  [libjvm.dylib+0x320a51]
C  [java+0x38c6]  JavaMain+0x9c4
C  [libsystem_pthread.dylib+0x6109]  _pthread_start+0x94
C  [libsystem_pthread.dylib+0x1b8b]  thread_start+0xf
C  0x0000000000000000


---------------  P R O C E S S  ---------------

Java Threads: ( => current thread )
  0x00007fe3f485c000 JavaThread "Service Thread" daemon [_thread_blocked, id=17667, stack(0x00007000094e1000,0x00007000095e1000)]
  0x00007fe3f485b800 JavaThread "C1 CompilerThread2" daemon [_thread_blocked, id=17923, stack(0x00007000093de000,0x00007000094de000)]
  0x00007fe3f485a800 JavaThread "C2 CompilerThread1" daemon [_thread_blocked, id=18179, stack(0x00007000092db000,0x00007000093db000)]
  0x00007fe3f3861000 JavaThread "C2 CompilerThread0" daemon [_thread_blocked, id=14851, stack(0x00007000091d8000,0x00007000092d8000)]
  0x00007fe3f384a800 JavaThread "JDWP Command Reader" daemon [_thread_in_native, id=18691, stack(0x00007000090d5000,0x00007000091d5000)]
  0x00007fe3f3828000 JavaThread "JDWP Event Helper Thread" daemon [_thread_blocked, id=18947, stack(0x0000700008fd2000,0x00007000090d2000)]
  0x00007fe3f3827800 JavaThread "JDWP Transport Listener: dt_socket" daemon [_thread_blocked, id=14087, stack(0x0000700008ecf000,0x0000700008fcf000)]
  0x00007fe3f3030000 JavaThread "Signal Dispatcher" daemon [_thread_blocked, id=19203, stack(0x0000700008dcc000,0x0000700008ecc000)]
  0x00007fe3f3824800 JavaThread "Finalizer" daemon [_thread_blocked, id=12035, stack(0x0000700008bc3000,0x0000700008cc3000)]
  0x00007fe3f4834000 JavaThread "Reference Handler" daemon [_thread_blocked, id=11523, stack(0x0000700008ac0000,0x0000700008bc0000)]
=>0x00007fe3f480e000 JavaThread "main" [_thread_in_Java, id=3587, stack(0x00007000084ae000,0x00007000085ae000)]

Other Threads:
  0x00007fe3f3821800 VMThread [stack: 0x00007000089bd000,0x0000700008abd000] [id=21507]
  0x00007fe3f383f800 WatcherThread [stack: 0x00007000095e4000,0x00007000096e4000] [id=17155]

VM state:not at safepoint (normal execution)

VM Mutex/Monitor currently owned by a thread: None

heap address: 0x0000000740000000, size: 2048 MB, Compressed Oops mode: Zero based, Oop shift amount: 3
Narrow klass base: 0x0000000000000000, Narrow klass shift: 3
Compressed class space size: 1073741824 Address: 0x00000007c0000000

Heap:
 PSYoungGen      total 38400K, used 6034K [0x0000000795580000, 0x0000000798000000, 0x00000007c0000000)
  eden space 33280K, 18% used [0x0000000795580000,0x0000000795b64b10,0x0000000797600000)
  from space 5120K, 0% used [0x0000000797b00000,0x0000000797b00000,0x0000000798000000)
  to   space 5120K, 0% used [0x0000000797600000,0x0000000797600000,0x0000000797b00000)
 ParOldGen       total 87552K, used 0K [0x0000000740000000, 0x0000000745580000, 0x0000000795580000)
  object space 87552K, 0% used [0x0000000740000000,0x0000000740000000,0x0000000745580000)
 Metaspace       used 5005K, capacity 5138K, committed 5248K, reserved 1056768K
  class space    used 523K, capacity 561K, committed 640K, reserved 1048576K

Card table byte_map: [0x0000000108f79000,0x000000010937a000] byte_map_base: 0x0000000105579000

Marking Bits: (ParMarkBitMap*) 0x00000001084fbe40
 Begin Bits: [0x0000000109625000, 0x000000010b625000)
 End Bits:   [0x000000010b625000, 0x000000010d625000)

Polling page: 0x00000001072f4000

CodeCache: size=245760Kb used=1347Kb max_used=1358Kb free=244412Kb
 bounds [0x0000000113eef000, 0x000000011415f000, 0x0000000122eef000]
 total_blobs=404 nmethods=122 adapters=204
 compilation: enabled

Compilation events (10 events):
Event: 1383.474 Thread 0x00007fe3f485b800  118       1       java.security.ProtectionDomain::getCodeSource (5 bytes)
Event: 1383.475 Thread 0x00007fe3f485b800 nmethod 118 0x000000011403f690 code [0x000000011403f7e0, 0x000000011403f8f0]
Event: 1383.475 Thread 0x00007fe3f485b800  119       3       org.eclipse.jdt.launching.internal.org.objectweb.asm.ByteVector::putShort (52 bytes)
Event: 1383.476 Thread 0x00007fe3f485b800 nmethod 119 0x000000011403f950 code [0x000000011403fac0, 0x000000011403fd28]
Event: 1565.359 Thread 0x00007fe3f485a800  120       4       org.eclipse.jdt.launching.internal.org.objectweb.asm.ClassReader::readUnsignedShort (26 bytes)
Event: 1565.360 Thread 0x00007fe3f485b800  121       3       org.eclipse.jdt.launching.internal.org.objectweb.asm.ClassReader::readInt (52 bytes)
Event: 1565.361 Thread 0x00007fe3f485b800 nmethod 121 0x000000011403fe90 code [0x0000000114040000, 0x0000000114040210]
Event: 1565.364 Thread 0x00007fe3f485a800 nmethod 120 0x0000000114043050 code [0x00000001140431a0, 0x00000001140432b8]
Event: 1587.810 Thread 0x00007fe3f485b800  122       3       org.eclipse.jdt.launching.internal.org.objectweb.asm.SymbolTable::get (13 bytes)
Event: 1587.811 Thread 0x00007fe3f485b800 nmethod 122 0x0000000114042c50 code [0x0000000114042dc0, 0x0000000114042f70]

GC Heap History (0 events):
No events

Deoptimization events (0 events):
No events

Classes redefined (10 events):
Event: 1394.551 Thread 0x00007fe3f3821800 redefined class name=w3resource.BasicExercises, count=17
Event: 1403.706 Thread 0x00007fe3f3821800 redefined class name=w3resource.BasicExercises, count=18
Event: 1407.768 Thread 0x00007fe3f3821800 redefined class name=w3resource.BasicExercises, count=19
Event: 1558.420 Thread 0x00007fe3f3821800 redefined class name=w3resource.BasicExercises, count=20
Event: 1565.362 Thread 0x00007fe3f3821800 redefined class name=w3resource.BasicExercises, count=21
Event: 1574.194 Thread 0x00007fe3f3821800 redefined class name=w3resource.BasicExercises, count=22
Event: 1587.811 Thread 0x00007fe3f3821800 redefined class name=w3resource.BasicExercises, count=23
Event: 1632.701 Thread 0x00007fe3f3821800 redefined class name=w3resource.BasicExercises, count=24
Event: 1773.801 Thread 0x00007fe3f3821800 redefined class name=w3resource.BasicExercises, count=25
Event: 1784.772 Thread 0x00007fe3f3821800 redefined class name=w3resource.BasicExercises, count=26

Internal exceptions (2 events):
Event: 0.050 Thread 0x00007fe3f480e000 Exception <a 'java/lang/NoSuchMethodError': Method sun.misc.Unsafe.defineClass(Ljava/lang/String;[BII)Ljava/lang/Class; name or signature does not match> (0x0000000795587cb8) thrown at [/Users/java_re/workspace/8-2-build-macosx-x86_64/jdk8u221/13320/hotsp
Event: 0.050 Thread 0x00007fe3f480e000 Exception <a 'java/lang/NoSuchMethodError': Method sun.misc.Unsafe.prefetchRead(Ljava/lang/Object;J)V name or signature does not match> (0x0000000795587fa0) thrown at [/Users/java_re/workspace/8-2-build-macosx-x86_64/jdk8u221/13320/hotspot/src/share/vm/pr

Events (10 events):
Event: 8366.995 Executing VM operation: ChangeBreakpoints
Event: 8366.995 Executing VM operation: ChangeBreakpoints done
Event: 8366.996 Executing VM operation: ChangeBreakpoints
Event: 8366.997 Executing VM operation: ChangeBreakpoints done
Event: 8367.452 Executing VM operation: GetCurrentLocation
Event: 8367.452 Executing VM operation: GetCurrentLocation done
Event: 8367.452 Executing VM operation: EnterInterpOnlyMode
Event: 8367.452 Executing VM operation: EnterInterpOnlyMode done
Event: 8367.452 Executing VM operation: ChangeSingleStep
Event: 8367.452 Executing VM operation: ChangeSingleStep done


Dynamic libraries:
0x00007fff36a5d000 	/System/Library/Frameworks/Cocoa.framework/Versions/A/Cocoa
0x00007fff44252000 	/System/Library/Frameworks/Security.framework/Versions/A/Security
0x00007fff359c2000 	/System/Library/Frameworks/ApplicationServices.framework/Versions/A/ApplicationServices
0x00007fff70f0e000 	/usr/lib/libz.1.dylib
0x00007fff6e9d2000 	/usr/lib/libSystem.B.dylib
0x00007fff70832000 	/usr/lib/libobjc.A.dylib
0x00007fff378ff000 	/System/Library/Frameworks/CoreFoundation.framework/Versions/A/CoreFoundation
0x00007fff39fbc000 	/System/Library/Frameworks/Foundation.framework/Versions/C/Foundation
0x00007fff34bb2000 	/System/Library/Frameworks/AppKit.framework/Versions/C/AppKit
0x00007fff373e1000 	/System/Library/Frameworks/CoreData.framework/Versions/A/CoreData
0x00007fff689e8000 	/System/Library/PrivateFrameworks/UIFoundation.framework/Versions/A/UIFoundation
0x00007fff63a7c000 	/System/Library/PrivateFrameworks/RemoteViewServices.framework/Versions/A/RemoteViewServices
0x00007fff6b542000 	/System/Library/PrivateFrameworks/XCTTargetBootstrap.framework/Versions/A/XCTTargetBootstrap
0x00007fff377cc000 	/System/Library/Frameworks/CoreDisplay.framework/Versions/A/CoreDisplay
0x00007fff3ce76000 	/System/Library/Frameworks/Metal.framework/Versions/A/Metal
0x00007fff51a69000 	/System/Library/PrivateFrameworks/DesktopServicesPriv.framework/Versions/A/DesktopServicesPriv
0x00007fff6fb0d000 	/usr/lib/liblangid.dylib
0x00007fff50cfe000 	/System/Library/PrivateFrameworks/CoreSVG.framework/Versions/A/CoreSVG
0x00007fff66bd8000 	/System/Library/PrivateFrameworks/SkyLight.framework/Versions/A/SkyLight
0x00007fff37d80000 	/System/Library/Frameworks/CoreGraphics.framework/Versions/A/CoreGraphics
0x00007fff33586000 	/System/Library/Frameworks/Accelerate.framework/Versions/A/Accelerate
0x00007fff70dff000 	/usr/lib/libxml2.2.dylib
0x00007fff5ca07000 	/System/Library/PrivateFrameworks/IconServices.framework/Versions/A/IconServices
0x00007fff3a79b000 	/System/Library/Frameworks/IOSurface.framework/Versions/A/IOSurface
0x00007fff6e4fc000 	/usr/lib/libDiagnosticMessagesClient.dylib
0x00007fff518c3000 	/System/Library/PrivateFrameworks/DFRFoundation.framework/Versions/A/DFRFoundation
0x00007fff6f89c000 	/usr/lib/libicucore.A.dylib
0x00007fff35cf4000 	/System/Library/Frameworks/AudioToolbox.framework/Versions/A/AudioToolbox
0x00007fff35dd7000 	/System/Library/Frameworks/AudioUnit.framework/Versions/A/AudioUnit
0x00007fff6ebd4000 	/usr/lib/libauto.dylib
0x00007fff51965000 	/System/Library/PrivateFrameworks/DataDetectorsCore.framework/Versions/A/DataDetectorsCore
0x00007fff3657e000 	/System/Library/Frameworks/Carbon.framework/Versions/A/Frameworks/HIToolbox.framework/Versions/A/HIToolbox
0x00007fff4344e000 	/System/Library/Frameworks/QuartzCore.framework/Versions/A/QuartzCore
0x00007fff368bd000 	/System/Library/Frameworks/Carbon.framework/Versions/A/Frameworks/SpeechRecognition.framework/Versions/A/SpeechRecognition
0x00007fff513d7000 	/System/Library/PrivateFrameworks/CoreUI.framework/Versions/A/CoreUI
0x00007fff36e4c000 	/System/Library/Frameworks/CoreAudio.framework/Versions/A/CoreAudio
0x00007fff39c7b000 	/System/Library/Frameworks/DiskArbitration.framework/Versions/A/DiskArbitration
0x00007fff5ea57000 	/System/Library/PrivateFrameworks/MultitouchSupport.framework/Versions/A/MultitouchSupport
0x00007fff6f763000 	/usr/lib/libenergytrace.dylib
0x00007fff3a6f5000 	/System/Library/Frameworks/IOKit.framework/Versions/A/IOKit
0x00007fff38ce7000 	/System/Library/Frameworks/CoreServices.framework/Versions/A/CoreServices
0x00007fff60c0f000 	/System/Library/PrivateFrameworks/PerformanceAnalysis.framework/Versions/A/PerformanceAnalysis
0x00007fff42481000 	/System/Library/Frameworks/OpenGL.framework/Versions/A/OpenGL
0x00007fff36a6b000 	/System/Library/Frameworks/ColorSync.framework/Versions/A/ColorSync
0x00007fff38403000 	/System/Library/Frameworks/CoreImage.framework/Versions/A/CoreImage
0x00007fff3975a000 	/System/Library/Frameworks/CoreText.framework/Versions/A/CoreText
0x00007fff3a82b000 	/System/Library/Frameworks/ImageIO.framework/Versions/A/ImageIO
0x00007fff6ecb8000 	/usr/lib/libc++.1.dylib
0x00007fff6ed34000 	/usr/lib/libcompression.dylib
0x00007fff6e840000 	/usr/lib/libMobileGestalt.dylib
0x00007fff68752000 	/System/Library/PrivateFrameworks/TextureIO.framework/Versions/A/TextureIO
0x00007fff6eb37000 	/usr/lib/libate.dylib
0x00007fff5cc10000 	/System/Library/PrivateFrameworks/InternationalSupport.framework/Versions/A/InternationalSupport
0x00007fff717cf000 	/usr/lib/system/libcache.dylib
0x00007fff717d5000 	/usr/lib/system/libcommonCrypto.dylib
0x00007fff717e1000 	/usr/lib/system/libcompiler_rt.dylib
0x00007fff717e9000 	/usr/lib/system/libcopyfile.dylib
0x00007fff717f3000 	/usr/lib/system/libcorecrypto.dylib
0x00007fff71992000 	/usr/lib/system/libdispatch.dylib
0x00007fff719d3000 	/usr/lib/system/libdyld.dylib
0x00007fff71a0a000 	/usr/lib/system/libkeymgr.dylib
0x00007fff71a18000 	/usr/lib/system/liblaunch.dylib
0x00007fff71a19000 	/usr/lib/system/libmacho.dylib
0x00007fff71a1f000 	/usr/lib/system/libquarantine.dylib
0x00007fff71a22000 	/usr/lib/system/libremovefile.dylib
0x00007fff71a24000 	/usr/lib/system/libsystem_asl.dylib
0x00007fff71a3c000 	/usr/lib/system/libsystem_blocks.dylib
0x00007fff71a3d000 	/usr/lib/system/libsystem_c.dylib
0x00007fff71ac5000 	/usr/lib/system/libsystem_configuration.dylib
0x00007fff71ac9000 	/usr/lib/system/libsystem_coreservices.dylib
0x00007fff71acd000 	/usr/lib/system/libsystem_darwin.dylib
0x00007fff71ad6000 	/usr/lib/system/libsystem_dnssd.dylib
0x00007fff71ade000 	/usr/lib/system/libsystem_featureflags.dylib
0x00007fff71ae0000 	/usr/lib/system/libsystem_info.dylib
0x00007fff71b5b000 	/usr/lib/system/libsystem_m.dylib
0x00007fff71ba3000 	/usr/lib/system/libsystem_malloc.dylib
0x00007fff71bcb000 	/usr/lib/system/libsystem_networkextension.dylib
0x00007fff71bd9000 	/usr/lib/system/libsystem_notify.dylib
0x00007fff71bf7000 	/usr/lib/system/libsystem_sandbox.dylib
0x00007fff71bfc000 	/usr/lib/system/libsystem_secinit.dylib
0x00007fff71b2e000 	/usr/lib/system/libsystem_kernel.dylib
0x00007fff71be3000 	/usr/lib/system/libsystem_platform.dylib
0x00007fff71bec000 	/usr/lib/system/libsystem_pthread.dylib
0x00007fff71bff000 	/usr/lib/system/libsystem_symptoms.dylib
0x00007fff71c07000 	/usr/lib/system/libsystem_trace.dylib
0x00007fff71c1f000 	/usr/lib/system/libunwind.dylib
0x00007fff71c25000 	/usr/lib/system/libxpc.dylib
0x00007fff6ed0b000 	/usr/lib/libc++abi.dylib
0x00007fff6fb0f000 	/usr/lib/liblzma.5.dylib
0x00007fff6f78a000 	/usr/lib/libfakelink.dylib
0x00007fff6eac4000 	/usr/lib/libarchive.2.dylib
0x00007fff45303000 	/System/Library/Frameworks/SystemConfiguration.framework/Versions/A/SystemConfiguration
0x00007fff6e42f000 	/usr/lib/libCRFSuite.dylib
0x00007fff3616e000 	/System/Library/Frameworks/CFNetwork.framework/Versions/A/CFNetwork
0x00007fff6ec9a000 	/usr/lib/libbsm.0.dylib
0x00007fff71a0b000 	/usr/lib/system/libkxld.dylib
0x00007fff4b240000 	/System/Library/PrivateFrameworks/AppleFSCompression.framework/Versions/A/AppleFSCompression
0x00007fff6f025000 	/usr/lib/libcoretls.dylib
0x00007fff6f03c000 	/usr/lib/libcoretls_cfhelpers.dylib
0x00007fff70878000 	/usr/lib/libpam.2.dylib
0x00007fff709ad000 	/usr/lib/libsqlite3.dylib
0x00007fff70dec000 	/usr/lib/libxar.1.dylib
0x00007fff6ecab000 	/usr/lib/libbz2.1.0.dylib
0x00007fff6f7ab000 	/usr/lib/libiconv.2.dylib
0x00007fff6ed21000 	/usr/lib/libcharset.1.dylib
0x00007fff70315000 	/usr/lib/libnetwork.dylib
0x00007fff7087f000 	/usr/lib/libpcap.A.dylib
0x00007fff6ea79000 	/usr/lib/libapple_nghttp2.dylib
0x00007fff3909e000 	/System/Library/Frameworks/CoreServices.framework/Versions/A/Frameworks/FSEvents.framework/Versions/A/FSEvents
0x00007fff38d6e000 	/System/Library/Frameworks/CoreServices.framework/Versions/A/Frameworks/CarbonCore.framework/Versions/A/CarbonCore
0x00007fff392e2000 	/System/Library/Frameworks/CoreServices.framework/Versions/A/Frameworks/Metadata.framework/Versions/A/Metadata
0x00007fff3937b000 	/System/Library/Frameworks/CoreServices.framework/Versions/A/Frameworks/OSServices.framework/Versions/A/OSServices
0x00007fff393a9000 	/System/Library/Frameworks/CoreServices.framework/Versions/A/Frameworks/SearchKit.framework/Versions/A/SearchKit
0x00007fff38ce8000 	/System/Library/Frameworks/CoreServices.framework/Versions/A/Frameworks/AE.framework/Versions/A/AE
0x00007fff390a7000 	/System/Library/Frameworks/CoreServices.framework/Versions/A/Frameworks/LaunchServices.framework/Versions/A/LaunchServices
0x00007fff39050000 	/System/Library/Frameworks/CoreServices.framework/Versions/A/Frameworks/DictionaryServices.framework/Versions/A/DictionaryServices
0x00007fff39411000 	/System/Library/Frameworks/CoreServices.framework/Versions/A/Frameworks/SharedFileList.framework/Versions/A/SharedFileList
0x00007fff3e2a0000 	/System/Library/Frameworks/NetFS.framework/Versions/A/NetFS
0x00007fff5ef87000 	/System/Library/PrivateFrameworks/NetAuth.framework/Versions/A/NetAuth
0x00007fff6b90f000 	/System/Library/PrivateFrameworks/login.framework/Versions/A/Frameworks/loginsupport.framework/Versions/A/loginsupport
0x00007fff6821d000 	/System/Library/PrivateFrameworks/TCC.framework/Versions/A/TCC
0x00007fff4fe71000 	/System/Library/PrivateFrameworks/CoreNLP.framework/Versions/A/CoreNLP
0x00007fff5e484000 	/System/Library/PrivateFrameworks/MetadataUtilities.framework/Versions/A/MetadataUtilities
0x00007fff6fbe7000 	/usr/lib/libmecabra.dylib
0x00007fff6fb3f000 	/usr/lib/libmecab.dylib
0x00007fff6f79b000 	/usr/lib/libgermantok.dylib
0x00007fff6ea60000 	/usr/lib/libThaiTokenizer.dylib
0x00007fff6e466000 	/usr/lib/libChineseTokenizer.dylib
0x00007fff3359e000 	/System/Library/Frameworks/Accelerate.framework/Versions/A/Frameworks/vImage.framework/Versions/A/vImage
0x00007fff34a08000 	/System/Library/Frameworks/Accelerate.framework/Versions/A/Frameworks/vecLib.framework/Versions/A/vecLib
0x00007fff34945000 	/System/Library/Frameworks/Accelerate.framework/Versions/A/Frameworks/vecLib.framework/Versions/A/libvMisc.dylib
0x00007fff3476d000 	/System/Library/Frameworks/Accelerate.framework/Versions/A/Frameworks/vecLib.framework/Versions/A/libvDSP.dylib
0x00007fff33bf5000 	/System/Library/Frameworks/Accelerate.framework/Versions/A/Frameworks/vecLib.framework/Versions/A/libBLAS.dylib
0x00007fff34331000 	/System/Library/Frameworks/Accelerate.framework/Versions/A/Frameworks/vecLib.framework/Versions/A/libLAPACK.dylib
0x00007fff346cd000 	/System/Library/Frameworks/Accelerate.framework/Versions/A/Frameworks/vecLib.framework/Versions/A/libLinearAlgebra.dylib
0x00007fff3475a000 	/System/Library/Frameworks/Accelerate.framework/Versions/A/Frameworks/vecLib.framework/Versions/A/libSparseBLAS.dylib
0x00007fff346e3000 	/System/Library/Frameworks/Accelerate.framework/Versions/A/Frameworks/vecLib.framework/Versions/A/libQuadrature.dylib
0x00007fff33e5d000 	/System/Library/Frameworks/Accelerate.framework/Versions/A/Frameworks/vecLib.framework/Versions/A/libBNNS.dylib
0x00007fff346e9000 	/System/Library/Frameworks/Accelerate.framework/Versions/A/Frameworks/vecLib.framework/Versions/A/libSparse.dylib
0x00007fff5cff8000 	/System/Library/PrivateFrameworks/LanguageModeling.framework/Versions/A/LanguageModeling
0x00007fff4f821000 	/System/Library/PrivateFrameworks/CoreEmoji.framework/Versions/A/CoreEmoji
0x00007fff5d116000 	/System/Library/PrivateFrameworks/LinguisticData.framework/Versions/A/LinguisticData
0x00007fff5d0c7000 	/System/Library/PrivateFrameworks/Lexicon.framework/Versions/A/Lexicon
0x00007fff6ed22000 	/usr/lib/libcmph.dylib
0x00007fff40e8f000 	/System/Library/Frameworks/OpenDirectory.framework/Versions/A/Frameworks/CFOpenDirectory.framework/Versions/A/CFOpenDirectory
0x00007fff40eac000 	/System/Library/Frameworks/OpenDirectory.framework/Versions/A/OpenDirectory
0x00007fff492ed000 	/System/Library/PrivateFrameworks/APFS.framework/Versions/A/APFS
0x00007fff4459c000 	/System/Library/Frameworks/SecurityFoundation.framework/Versions/A/SecurityFoundation
0x00007fff70de8000 	/usr/lib/libutil.dylib
0x00007fff50d56000 	/System/Library/PrivateFrameworks/CoreServicesStore.framework/Versions/A/CoreServicesStore
0x00007fff44653000 	/System/Library/Frameworks/ServiceManagement.framework/Versions/A/ServiceManagement
0x00007fff4ca10000 	/System/Library/PrivateFrameworks/BackgroundTaskManagement.framework/Versions/A/BackgroundTaskManagement
0x00007fff70ee5000 	/usr/lib/libxslt.1.dylib
0x00007fff4b8b3000 	/System/Library/PrivateFrameworks/AppleSystemInfo.framework/Versions/A/AppleSystemInfo
0x00007fff3aa46000 	/System/Library/Frameworks/ImageIO.framework/Versions/A/Resources/libJPEG.dylib
0x00007fff3ad04000 	/System/Library/Frameworks/ImageIO.framework/Versions/A/Resources/libTIFF.dylib
0x00007fff3ace7000 	/System/Library/Frameworks/ImageIO.framework/Versions/A/Resources/libPng.dylib
0x00007fff3a988000 	/System/Library/Frameworks/ImageIO.framework/Versions/A/Resources/libGIF.dylib
0x00007fff3a98c000 	/System/Library/Frameworks/ImageIO.framework/Versions/A/Resources/libJP2.dylib
0x00007fff3ad02000 	/System/Library/Frameworks/ImageIO.framework/Versions/A/Resources/libRadiance.dylib
0x00007fff6f764000 	/usr/lib/libexpat.1.dylib
0x00007fff4b39b000 	/System/Library/PrivateFrameworks/AppleJPEG.framework/Versions/A/AppleJPEG
0x00007fff5406c000 	/System/Library/PrivateFrameworks/FontServices.framework/libFontParser.dylib
0x00007fff6a911000 	/System/Library/PrivateFrameworks/WatchdogClient.framework/Versions/A/WatchdogClient
0x00007fff5c653000 	/System/Library/PrivateFrameworks/IOAccelerator.framework/Versions/A/IOAccelerator
0x00007fff3d211000 	/System/Library/Frameworks/MetalPerformanceShaders.framework/Versions/A/MetalPerformanceShaders
0x00007fff58de9000 	/System/Library/PrivateFrameworks/GPUWrangler.framework/Versions/A/GPUWrangler
0x00007fff5c668000 	/System/Library/PrivateFrameworks/IOPresentment.framework/Versions/A/IOPresentment
0x00007fff518d6000 	/System/Library/PrivateFrameworks/DSExternalDisplay.framework/Versions/A/DSExternalDisplay
0x00007fff41820000 	/System/Library/Frameworks/OpenGL.framework/Versions/A/Libraries/libCoreFSCache.dylib
0x00007fff3cf5d000 	/System/Library/Frameworks/MetalPerformanceShaders.framework/Frameworks/MPSCore.framework/Versions/A/MPSCore
0x00007fff3cf9b000 	/System/Library/Frameworks/MetalPerformanceShaders.framework/Frameworks/MPSImage.framework/Versions/A/MPSImage
0x00007fff3d062000 	/System/Library/Frameworks/MetalPerformanceShaders.framework/Frameworks/MPSNeuralNetwork.framework/Versions/A/MPSNeuralNetwork
0x00007fff3d026000 	/System/Library/Frameworks/MetalPerformanceShaders.framework/Frameworks/MPSMatrix.framework/Versions/A/MPSMatrix
0x00007fff3d1c1000 	/System/Library/Frameworks/MetalPerformanceShaders.framework/Frameworks/MPSRayIntersector.framework/Versions/A/MPSRayIntersector
0x00007fff3d04c000 	/System/Library/Frameworks/MetalPerformanceShaders.framework/Frameworks/MPSNDArray.framework/Versions/A/MPSNDArray
0x00007fff5e4d1000 	/System/Library/PrivateFrameworks/MetalTools.framework/Versions/A/MetalTools
0x00007fff4a4c7000 	/System/Library/PrivateFrameworks/AggregateDictionary.framework/Versions/A/AggregateDictionary
0x00007fff4f269000 	/System/Library/PrivateFrameworks/CoreAnalytics.framework/Versions/A/CoreAnalytics
0x00007fff4b7d2000 	/System/Library/PrivateFrameworks/AppleSauce.framework/Versions/A/AppleSauce
0x00007fff6e722000 	/usr/lib/libIOReport.dylib
0x00007fff39912000 	/System/Library/Frameworks/CoreVideo.framework/Versions/A/CoreVideo
0x00007fff5a262000 	/System/Library/PrivateFrameworks/GraphVisualizer.framework/Versions/A/GraphVisualizer
0x00007fff535b2000 	/System/Library/PrivateFrameworks/FaceCore.framework/Versions/A/FaceCore
0x00007fff40e36000 	/System/Library/Frameworks/OpenCL.framework/Versions/A/OpenCL
0x00007fff6e544000 	/usr/lib/libFosl_dynamic.dylib
0x00007fff5f9a7000 	/System/Library/PrivateFrameworks/OTSVG.framework/Versions/A/OTSVG
0x00007fff35ac7000 	/System/Library/Frameworks/ApplicationServices.framework/Versions/A/Frameworks/ATS.framework/Versions/A/Resources/libFontRegistry.dylib
0x00007fff5423d000 	/System/Library/PrivateFrameworks/FontServices.framework/libhvf.dylib
0x00007fff4182b000 	/System/Library/Frameworks/OpenGL.framework/Versions/A/Libraries/libGFXShared.dylib
0x00007fff41a09000 	/System/Library/Frameworks/OpenGL.framework/Versions/A/Libraries/libGLU.dylib
0x00007fff41834000 	/System/Library/Frameworks/OpenGL.framework/Versions/A/Libraries/libGL.dylib
0x00007fff4183f000 	/System/Library/Frameworks/OpenGL.framework/Versions/A/Libraries/libGLImage.dylib
0x00007fff4181d000 	/System/Library/Frameworks/OpenGL.framework/Versions/A/Libraries/libCVMSPluginSupport.dylib
0x00007fff41826000 	/System/Library/Frameworks/OpenGL.framework/Versions/A/Libraries/libCoreVMClient.dylib
0x00007fff701b6000 	/usr/lib/libncurses.5.4.dylib
0x00007fff359c3000 	/System/Library/Frameworks/ApplicationServices.framework/Versions/A/Frameworks/ATS.framework/Versions/A/ATS
0x00007fff35b90000 	/System/Library/Frameworks/ApplicationServices.framework/Versions/A/Frameworks/ColorSyncLegacy.framework/Versions/A/ColorSyncLegacy
0x00007fff35c2e000 	/System/Library/Frameworks/ApplicationServices.framework/Versions/A/Frameworks/HIServices.framework/Versions/A/HIServices
0x00007fff35c86000 	/System/Library/Frameworks/ApplicationServices.framework/Versions/A/Frameworks/LangAnalysis.framework/Versions/A/LangAnalysis
0x00007fff35c95000 	/System/Library/Frameworks/ApplicationServices.framework/Versions/A/Frameworks/PrintCore.framework/Versions/A/PrintCore
0x00007fff35cdb000 	/System/Library/Frameworks/ApplicationServices.framework/Versions/A/Frameworks/QD.framework/Versions/A/QD
0x00007fff35ce6000 	/System/Library/Frameworks/ApplicationServices.framework/Versions/A/Frameworks/SpeechSynthesis.framework/Versions/A/SpeechSynthesis
0x00007fff35b60000 	/System/Library/Frameworks/ApplicationServices.framework/Versions/A/Frameworks/ATSUI.framework/Versions/A/ATSUI
0x00007fff6f5fa000 	/usr/lib/libcups.2.dylib
0x00007fff3c2ac000 	/System/Library/Frameworks/Kerberos.framework/Versions/A/Kerberos
0x00007fff3a3ee000 	/System/Library/Frameworks/GSS.framework/Versions/A/GSS
0x00007fff70939000 	/usr/lib/libresolv.9.dylib
0x00007fff5a40f000 	/System/Library/PrivateFrameworks/Heimdal.framework/Versions/A/Heimdal
0x00007fff3c2bf000 	/System/Library/Frameworks/Kerberos.framework/Versions/A/Libraries/libHeimdalProxy.dylib
0x00007fff6f7a1000 	/usr/lib/libheimdal-asn1.dylib
0x00007fff4e701000 	/System/Library/PrivateFrameworks/CommonAuth.framework/Versions/A/CommonAuth
0x00007fff4b950000 	/System/Library/PrivateFrameworks/AssertionServices.framework/Versions/A/AssertionServices
0x00007fff4c4f3000 	/System/Library/PrivateFrameworks/AudioToolboxCore.framework/Versions/A/AudioToolboxCore
0x00007fff6b5bf000 	/System/Library/PrivateFrameworks/caulk.framework/Versions/A/caulk
0x00007fff4cabc000 	/System/Library/PrivateFrameworks/BaseBoard.framework/Versions/A/BaseBoard
0x00007fff63c0a000 	/System/Library/PrivateFrameworks/RunningBoardServices.framework/Versions/A/RunningBoardServices
0x00007fff60c1b000 	/System/Library/PrivateFrameworks/PersistentConnection.framework/Versions/A/PersistentConnection
0x00007fff63603000 	/System/Library/PrivateFrameworks/ProtocolBuffer.framework/Versions/A/ProtocolBuffer
0x00007fff4e725000 	/System/Library/PrivateFrameworks/CommonUtilities.framework/Versions/A/CommonUtilities
0x00007fff4cc4a000 	/System/Library/PrivateFrameworks/Bom.framework/Versions/A/Bom
0x00007fff6e3f5000 	/usr/lib/libAudioToolboxUtility.dylib
0x00007fff4ca1a000 	/System/Library/PrivateFrameworks/Backup.framework/Versions/A/Backup
0x00007fff517f7000 	/System/Library/PrivateFrameworks/CrashReporterSupport.framework/Versions/A/CrashReporterSupport
0x00007fff6569c000 	/System/Library/PrivateFrameworks/Sharing.framework/Versions/A/Sharing
0x00007fff4af5e000 	/System/Library/PrivateFrameworks/Apple80211.framework/Versions/A/Apple80211
0x00007fff4c737000 	/System/Library/PrivateFrameworks/AuthKit.framework/Versions/A/AuthKit
0x00007fff51504000 	/System/Library/PrivateFrameworks/CoreUtils.framework/Versions/A/CoreUtils
0x00007fff39957000 	/System/Library/Frameworks/CoreWLAN.framework/Versions/A/CoreWLAN
0x00007fff3a57b000 	/System/Library/Frameworks/IOBluetooth.framework/Versions/A/IOBluetooth
0x00007fff5e7d6000 	/System/Library/PrivateFrameworks/MobileKeyBag.framework/Versions/A/MobileKeyBag
0x00007fff50309000 	/System/Library/PrivateFrameworks/CorePhoneNumbers.framework/Versions/A/CorePhoneNumbers
0x00007fff4b34e000 	/System/Library/PrivateFrameworks/AppleIDAuthSupport.framework/Versions/A/AppleIDAuthSupport
0x00007fff3e2ad000 	/System/Library/Frameworks/Network.framework/Versions/A/Network
0x00007fff5cea4000 	/System/Library/PrivateFrameworks/KeychainCircle.framework/Versions/A/KeychainCircle
0x00007fff373a8000 	/System/Library/Frameworks/CoreBluetooth.framework/Versions/A/CoreBluetooth
0x00007fff6771b000 	/System/Library/PrivateFrameworks/SpeechRecognitionCore.framework/Versions/A/SpeechRecognitionCore
0x0000000107c00000 	/Library/Java/JavaVirtualMachines/jdk1.8.0_221.jdk/Contents/Home/jre/lib/server/libjvm.dylib
0x00007fff70cbb000 	/usr/lib/libstdc++.6.dylib
0x00000001072b0000 	/Library/Java/JavaVirtualMachines/jdk1.8.0_221.jdk/Contents/Home/jre/lib/libverify.dylib
0x00000001072be000 	/Library/Java/JavaVirtualMachines/jdk1.8.0_221.jdk/Contents/Home/jre/lib/libjava.dylib
0x00000001072f5000 	/Library/Java/JavaVirtualMachines/jdk1.8.0_221.jdk/Contents/Home/jre/lib/libjdwp.dylib
0x0000000107340000 	/Library/Java/JavaVirtualMachines/jdk1.8.0_221.jdk/Contents/Home/jre/lib/libnpt.dylib
0x0000000107344000 	/Library/Java/JavaVirtualMachines/jdk1.8.0_221.jdk/Contents/Home/jre/lib/libinstrument.dylib
0x00000001073b0000 	/Library/Java/JavaVirtualMachines/jdk1.8.0_221.jdk/Contents/Home/jre/lib/libzip.dylib
0x00000001073f1000 	/Library/Java/JavaVirtualMachines/jdk1.8.0_221.jdk/Contents/Home/jre/lib/libdt_socket.dylib

VM Arguments:
jvm_args: -agentlib:jdwp=transport=dt_socket,suspend=y,address=localhost:58225 -javaagent:/Users/ruben/eclipse/java-2020-062/Eclipse.app/Contents/Eclipse/configuration/org.eclipse.osgi/214/0/.cp/lib/javaagent-shaded.jar -Dfile.encoding=UTF-8 
java_command: w3resource.BasicExercises
java_class_path (initial): /Users/ruben/eclipse-workspace/Exercises/bin:/Users/ruben/eclipse/java-2020-062/Eclipse.app/Contents/Eclipse/configuration/org.eclipse.osgi/214/0/.cp/lib/javaagent-shaded.jar
Launcher Type: SUN_STANDARD

Environment Variables:
PATH=/usr/bin:/bin:/usr/sbin:/sbin
SHELL=/bin/bash

Signal Handlers:
SIGSEGV: [libjvm.dylib+0x5b71a7], sa_mask[0]=11111111011111110111111111111111, sa_flags=SA_ONSTACK|SA_RESTART|SA_SIGINFO
SIGBUS: [libjvm.dylib+0x5b71a7], sa_mask[0]=11111111011111110111111111111111, sa_flags=SA_RESTART|SA_SIGINFO
SIGFPE: [libjvm.dylib+0x48c8fc], sa_mask[0]=11111111011111110111111111111111, sa_flags=SA_RESTART|SA_SIGINFO
SIGPIPE: [libjvm.dylib+0x48c8fc], sa_mask[0]=11111111011111110111111111111111, sa_flags=SA_RESTART|SA_SIGINFO
SIGXFSZ: [libjvm.dylib+0x48c8fc], sa_mask[0]=11111111011111110111111111111111, sa_flags=SA_RESTART|SA_SIGINFO
SIGILL: [libjvm.dylib+0x48c8fc], sa_mask[0]=11111111011111110111111111111111, sa_flags=SA_RESTART|SA_SIGINFO
SIGUSR1: SIG_DFL, sa_mask[0]=00000000000000000000000000000000, sa_flags=none
SIGUSR2: [libjvm.dylib+0x48c41a], sa_mask[0]=00100000000000000000000000000000, sa_flags=SA_RESTART|SA_SIGINFO
SIGHUP: [libjvm.dylib+0x48a9a5], sa_mask[0]=11111111011111110111111111111111, sa_flags=SA_RESTART|SA_SIGINFO
SIGINT: [libjvm.dylib+0x48a9a5], sa_mask[0]=11111111011111110111111111111111, sa_flags=SA_RESTART|SA_SIGINFO
SIGTERM: [libjvm.dylib+0x48a9a5], sa_mask[0]=11111111011111110111111111111111, sa_flags=SA_RESTART|SA_SIGINFO
SIGQUIT: [libjvm.dylib+0x48a9a5], sa_mask[0]=11111111011111110111111111111111, sa_flags=SA_RESTART|SA_SIGINFO


---------------  S Y S T E M  ---------------

OS:Bsduname:Darwin 19.6.0 Darwin Kernel Version 19.6.0: Sun Jul  5 00:43:10 PDT 2020; root:xnu-6153.141.1~9/RELEASE_X86_64 x86_64
rlimit: STACK 8192k, CORE 0k, NPROC 1392, NOFILE 10240, AS infinity
load average:4.25 4.64 5.57

CPU:total 4 (initial active 4) (2 cores per cpu, 2 threads per core) family 6 model 142 stepping 9, cmov, cx8, fxsr, mmx, sse, sse2, sse3, ssse3, sse4.1, sse4.2, popcnt, avx, avx2, aes, clmul, erms, 3dnowpref, lzcnt, ht, tsc, tscinvbit, bmi1, bmi2, adx

Memory: 4k page, physical 8388608k(175644k free)

/proc/meminfo:


vm_info: Java HotSpot(TM) 64-Bit Server VM (25.221-b11) for bsd-amd64 JRE (1.8.0_221-b11), built on Jul  4 2019 04:36:22 by "java_re" with gcc 4.2.1 (Based on Apple Inc. build 5658) (LLVM build 2336.11.00)

time: Mon Oct 12 21:28:03 2020
timezone: IST
elapsed time: 8367 seconds (0d 2h 19m 27s)

